INFO 2026-06-10 10:17:07,288 services Email envoyé à ouahidsamrani@gmail.com
INFO 2026-06-10 10:17:08,496 services Email envoyé à ouahidsamrani@gmail.com
INFO 2026-06-10 10:22:20,523 services Email envoyé à ideal@test.com
INFO 2026-06-10 10:46:03,084 services Email envoyé à c1@ensa.ma
INFO 2026-06-10 10:46:03,123 services Email envoyé à c2@ensa.ma
INFO 2026-06-10 10:46:05,907 services Email envoyé à c1@ensa.ma
INFO 2026-06-10 10:46:05,942 services Email envoyé à c2@ensa.ma
INFO 2026-06-10 10:46:08,998 services Email envoyé à c1@ensa.ma
INFO 2026-06-10 10:46:09,035 services Email envoyé à c2@ensa.ma
INFO 2026-06-10 10:46:09,045 services Email envoyé à c1@ensa.ma
INFO 2026-06-10 10:46:11,890 services Email envoyé à c1@ensa.ma
INFO 2026-06-10 10:46:11,935 services Email envoyé à c2@ensa.ma
INFO 2026-06-10 10:46:15,392 services Email envoyé à c1@ensa.ma
INFO 2026-06-10 10:46:15,427 services Email envoyé à c2@ensa.ma
INFO 2026-06-10 10:46:15,440 services Email envoyé à c1@ensa.ma
INFO 2026-06-10 10:46:18,466 services Email envoyé à c1@ensa.ma
INFO 2026-06-10 10:46:18,499 services Email envoyé à c2@ensa.ma
INFO 2026-06-10 10:46:21,266 services Email envoyé à c1@ensa.ma
INFO 2026-06-10 10:46:21,298 services Email envoyé à c2@ensa.ma
INFO 2026-06-10 10:46:21,309 services Email envoyé à c1@ensa.ma
INFO 2026-06-10 10:46:24,325 services Email envoyé à c1@ensa.ma
INFO 2026-06-10 10:46:24,359 services Email envoyé à c2@ensa.ma
ERROR 2026-06-10 11:22:10,882 log Internal Server Error: /api/epreuves-oral/07f9e638-de7f-4f32-8b59-460bd0814cf8/convoquer_admis/
Traceback (most recent call last):
  File "/home/ouahid/myproject/stage/preseclection/ensa-bm-preselection/venv/lib/python3.12/site-packages/asgiref/sync.py", line 557, in thread_handler
    raise exc_info[1]
  File "/home/ouahid/myproject/stage/preseclection/ensa-bm-preselection/venv/lib/python3.12/site-packages/django/core/handlers/exception.py", line 42, in inner
    response = await get_response(request)
               ^^^^^^^^^^^^^^^^^^^^^^^^^^^
  File "/home/ouahid/myproject/stage/preseclection/ensa-bm-preselection/venv/lib/python3.12/site-packages/asgiref/sync.py", line 557, in thread_handler
    raise exc_info[1]
  File "/home/ouahid/myproject/stage/preseclection/ensa-bm-preselection/venv/lib/python3.12/site-packages/django/core/handlers/base.py", line 254, in _get_response_async
    response = await wrapped_callback(
               ^^^^^^^^^^^^^^^^^^^^^^^
  File "/home/ouahid/myproject/stage/preseclection/ensa-bm-preselection/venv/lib/python3.12/site-packages/asgiref/sync.py", line 506, in __call__
    ret = await asyncio.shield(exec_coro)
          ^^^^^^^^^^^^^^^^^^^^^^^^^^^^^^^
  File "/usr/lib/python3.12/concurrent/futures/thread.py", line 58, in run
    result = self.fn(*self.args, **self.kwargs)
             ^^^^^^^^^^^^^^^^^^^^^^^^^^^^^^^^^^
  File "/home/ouahid/myproject/stage/preseclection/ensa-bm-preselection/venv/lib/python3.12/site-packages/asgiref/sync.py", line 561, in thread_handler
    return func(*args, **kwargs)
           ^^^^^^^^^^^^^^^^^^^^^
  File "/home/ouahid/myproject/stage/preseclection/ensa-bm-preselection/venv/lib/python3.12/site-packages/django/views/decorators/csrf.py", line 65, in _view_wrapper
    return view_func(request, *args, **kwargs)
           ^^^^^^^^^^^^^^^^^^^^^^^^^^^^^^^^^^^
  File "/home/ouahid/myproject/stage/preseclection/ensa-bm-preselection/venv/lib/python3.12/site-packages/rest_framework/viewsets.py", line 125, in view
    return self.dispatch(request, *args, **kwargs)
           ^^^^^^^^^^^^^^^^^^^^^^^^^^^^^^^^^^^^^^^
  File "/home/ouahid/myproject/stage/preseclection/ensa-bm-preselection/venv/lib/python3.12/site-packages/rest_framework/views.py", line 515, in dispatch
    response = self.handle_exception(exc)
               ^^^^^^^^^^^^^^^^^^^^^^^^^^
  File "/home/ouahid/myproject/stage/preseclection/ensa-bm-preselection/venv/lib/python3.12/site-packages/rest_framework/views.py", line 475, in handle_exception
    self.raise_uncaught_exception(exc)
  File "/home/ouahid/myproject/stage/preseclection/ensa-bm-preselection/venv/lib/python3.12/site-packages/rest_framework/views.py", line 486, in raise_uncaught_exception
    raise exc
  File "/home/ouahid/myproject/stage/preseclection/ensa-bm-preselection/venv/lib/python3.12/site-packages/rest_framework/views.py", line 512, in dispatch
    response = handler(request, *args, **kwargs)
               ^^^^^^^^^^^^^^^^^^^^^^^^^^^^^^^^^
  File "/home/ouahid/myproject/stage/preseclection/ensa-bm-preselection/administration/views_oral.py", line 46, in convoquer_admis
    heure_actuelle = epreuve.heure_debut
                     ^^^^^^^^^^^^^^^^^^^
AttributeError: 'EpreuveOrale' object has no attribute 'heure_debut'
ERROR 2026-06-10 11:22:10,894 runserver [35;1mHTTP POST /api/epreuves-oral/07f9e638-de7f-4f32-8b59-460bd0814cf8/convoquer_admis/ 500 [0.10, 127.0.0.1:49338][0m
INFO 2026-06-10 11:36:40,875 services Email envoyé à C001@test.ma
INFO 2026-06-10 11:36:53,610 services Email envoyé à C001@test.ma
INFO 2026-06-10 11:37:23,553 services Email envoyé à C001@test.ma
INFO 2026-06-10 11:37:29,227 services Email envoyé à C001@test.ma
INFO 2026-06-10 11:37:35,052 services Email envoyé à C003@test.ma
INFO 2026-06-10 11:37:40,680 services Email envoyé à C001@test.ma
INFO 2026-06-10 11:37:40,714 services Email envoyé à C002@test.ma
INFO 2026-06-10 11:37:46,166 services Email envoyé à C001@test.ma
INFO 2026-06-10 11:37:46,204 services Email envoyé à C002@test.ma
INFO 2026-06-10 11:37:46,245 services Email envoyé à C003@test.ma
INFO 2026-06-10 11:46:15,168 services Email envoyé à C001@test.ma
INFO 2026-06-10 11:46:28,218 services Email envoyé à C001@test.ma
INFO 2026-06-10 11:46:59,802 services Email envoyé à C001@test.ma
INFO 2026-06-10 11:47:06,213 services Email envoyé à C001@test.ma
INFO 2026-06-10 11:47:12,889 services Email envoyé à C003@test.ma
INFO 2026-06-10 11:47:19,704 services Email envoyé à C001@test.ma
INFO 2026-06-10 11:47:19,756 services Email envoyé à C002@test.ma
INFO 2026-06-10 11:47:26,155 services Email envoyé à C001@test.ma
INFO 2026-06-10 11:47:26,202 services Email envoyé à C002@test.ma
INFO 2026-06-10 11:47:26,250 services Email envoyé à C003@test.ma
INFO 2026-06-10 11:47:54,779 services Email envoyé à C001@test.ma
INFO 2026-06-10 11:48:01,449 services Email envoyé à C001@test.ma
INFO 2026-06-10 11:48:01,499 services Email envoyé à C002@test.ma
INFO 2026-06-10 11:48:15,229 services Email envoyé à C001@test.ma
INFO 2026-06-10 11:48:28,880 services Email envoyé à C001@test.ma
INFO 2026-06-10 11:49:00,379 services Email envoyé à C001@test.ma
INFO 2026-06-10 11:49:06,931 services Email envoyé à C001@test.ma
INFO 2026-06-10 11:49:13,811 services Email envoyé à C003@test.ma
INFO 2026-06-10 11:49:20,369 services Email envoyé à C001@test.ma
INFO 2026-06-10 11:49:20,414 services Email envoyé à C002@test.ma
INFO 2026-06-10 11:49:26,935 services Email envoyé à C001@test.ma
INFO 2026-06-10 11:49:26,980 services Email envoyé à C002@test.ma
INFO 2026-06-10 11:49:27,028 services Email envoyé à C003@test.ma
INFO 2026-06-10 11:49:33,321 services Email envoyé à C001@test.ma
INFO 2026-06-10 11:49:39,962 services Email envoyé à C001@test.ma
INFO 2026-06-10 11:49:40,010 services Email envoyé à C002@test.ma
INFO 2026-06-10 12:08:47,954 services Email envoyé à ideal@test.com
ERROR 2026-06-10 12:09:28,913 log Internal Server Error: /api/epreuves-oral/07f9e638-de7f-4f32-8b59-460bd0814cf8/enregistrer_decision/
Traceback (most recent call last):
  File "/home/ouahid/myproject/stage/preseclection/ensa-bm-preselection/venv/lib/python3.12/site-packages/asgiref/sync.py", line 557, in thread_handler
    raise exc_info[1]
  File "/home/ouahid/myproject/stage/preseclection/ensa-bm-preselection/venv/lib/python3.12/site-packages/django/core/handlers/exception.py", line 42, in inner
    response = await get_response(request)
               ^^^^^^^^^^^^^^^^^^^^^^^^^^^
  File "/home/ouahid/myproject/stage/preseclection/ensa-bm-preselection/venv/lib/python3.12/site-packages/asgiref/sync.py", line 557, in thread_handler
    raise exc_info[1]
  File "/home/ouahid/myproject/stage/preseclection/ensa-bm-preselection/venv/lib/python3.12/site-packages/django/core/handlers/base.py", line 254, in _get_response_async
    response = await wrapped_callback(
               ^^^^^^^^^^^^^^^^^^^^^^^
  File "/home/ouahid/myproject/stage/preseclection/ensa-bm-preselection/venv/lib/python3.12/site-packages/asgiref/sync.py", line 506, in __call__
    ret = await asyncio.shield(exec_coro)
          ^^^^^^^^^^^^^^^^^^^^^^^^^^^^^^^
  File "/usr/lib/python3.12/concurrent/futures/thread.py", line 58, in run
    result = self.fn(*self.args, **self.kwargs)
             ^^^^^^^^^^^^^^^^^^^^^^^^^^^^^^^^^^
  File "/home/ouahid/myproject/stage/preseclection/ensa-bm-preselection/venv/lib/python3.12/site-packages/asgiref/sync.py", line 561, in thread_handler
    return func(*args, **kwargs)
           ^^^^^^^^^^^^^^^^^^^^^
  File "/home/ouahid/myproject/stage/preseclection/ensa-bm-preselection/venv/lib/python3.12/site-packages/django/views/decorators/csrf.py", line 65, in _view_wrapper
    return view_func(request, *args, **kwargs)
           ^^^^^^^^^^^^^^^^^^^^^^^^^^^^^^^^^^^
  File "/home/ouahid/myproject/stage/preseclection/ensa-bm-preselection/venv/lib/python3.12/site-packages/rest_framework/viewsets.py", line 125, in view
    return self.dispatch(request, *args, **kwargs)
           ^^^^^^^^^^^^^^^^^^^^^^^^^^^^^^^^^^^^^^^
  File "/home/ouahid/myproject/stage/preseclection/ensa-bm-preselection/venv/lib/python3.12/site-packages/rest_framework/views.py", line 515, in dispatch
    response = self.handle_exception(exc)
               ^^^^^^^^^^^^^^^^^^^^^^^^^^
  File "/home/ouahid/myproject/stage/preseclection/ensa-bm-preselection/venv/lib/python3.12/site-packages/rest_framework/views.py", line 475, in handle_exception
    self.raise_uncaught_exception(exc)
  File "/home/ouahid/myproject/stage/preseclection/ensa-bm-preselection/venv/lib/python3.12/site-packages/rest_framework/views.py", line 486, in raise_uncaught_exception
    raise exc
  File "/home/ouahid/myproject/stage/preseclection/ensa-bm-preselection/venv/lib/python3.12/site-packages/rest_framework/views.py", line 512, in dispatch
    response = handler(request, *args, **kwargs)
               ^^^^^^^^^^^^^^^^^^^^^^^^^^^^^^^^^
  File "/home/ouahid/myproject/stage/preseclection/ensa-bm-preselection/administration/views_oral.py", line 249, in enregistrer_decision
    envoyer_notification(dossier, 'ORAL_ACCEPTE')
  File "/home/ouahid/myproject/stage/preseclection/ensa-bm-preselection/notifications/services.py", line 36, in envoyer_notification
    contenu = _generer_contenu(dossier, type_notif)
              ^^^^^^^^^^^^^^^^^^^^^^^^^^^^^^^^^^^^^
  File "/home/ouahid/myproject/stage/preseclection/ensa-bm-preselection/notifications/services.py", line 361, in _generer_contenu
    'ADMIS_FINAL':  _generer_corps_admis_final(dossier, filiere),
                    ^^^^^^^^^^^^^^^^^^^^^^^^^^^^^^^^^^^^^^^^^^^^
  File "/home/ouahid/myproject/stage/preseclection/ensa-bm-preselection/notifications/services.py", line 223, in _generer_corps_admis_final
    date_oral = epreuve.date_oral if epreuve and epreuve.date_oral else None
                                                 ^^^^^^^^^^^^^^^^^
AttributeError: 'EpreuveEcrite' object has no attribute 'date_oral'
ERROR 2026-06-10 12:09:28,920 runserver HTTP POST /api/epreuves-oral/07f9e638-de7f-4f32-8b59-460bd0814cf8/enregistrer_decision/ 500 [0.06, 127.0.0.1:42464]
ERROR 2026-06-10 12:09:34,189 log Internal Server Error: /api/epreuves-oral/07f9e638-de7f-4f32-8b59-460bd0814cf8/enregistrer_decision/
Traceback (most recent call last):
  File "/home/ouahid/myproject/stage/preseclection/ensa-bm-preselection/venv/lib/python3.12/site-packages/asgiref/sync.py", line 557, in thread_handler
    raise exc_info[1]
  File "/home/ouahid/myproject/stage/preseclection/ensa-bm-preselection/venv/lib/python3.12/site-packages/django/core/handlers/exception.py", line 42, in inner
    response = await get_response(request)
               ^^^^^^^^^^^^^^^^^^^^^^^^^^^
  File "/home/ouahid/myproject/stage/preseclection/ensa-bm-preselection/venv/lib/python3.12/site-packages/asgiref/sync.py", line 557, in thread_handler
    raise exc_info[1]
  File "/home/ouahid/myproject/stage/preseclection/ensa-bm-preselection/venv/lib/python3.12/site-packages/django/core/handlers/base.py", line 254, in _get_response_async
    response = await wrapped_callback(
               ^^^^^^^^^^^^^^^^^^^^^^^
  File "/home/ouahid/myproject/stage/preseclection/ensa-bm-preselection/venv/lib/python3.12/site-packages/asgiref/sync.py", line 506, in __call__
    ret = await asyncio.shield(exec_coro)
          ^^^^^^^^^^^^^^^^^^^^^^^^^^^^^^^
  File "/usr/lib/python3.12/concurrent/futures/thread.py", line 58, in run
    result = self.fn(*self.args, **self.kwargs)
             ^^^^^^^^^^^^^^^^^^^^^^^^^^^^^^^^^^
  File "/home/ouahid/myproject/stage/preseclection/ensa-bm-preselection/venv/lib/python3.12/site-packages/asgiref/sync.py", line 561, in thread_handler
    return func(*args, **kwargs)
           ^^^^^^^^^^^^^^^^^^^^^
  File "/home/ouahid/myproject/stage/preseclection/ensa-bm-preselection/venv/lib/python3.12/site-packages/django/views/decorators/csrf.py", line 65, in _view_wrapper
    return view_func(request, *args, **kwargs)
           ^^^^^^^^^^^^^^^^^^^^^^^^^^^^^^^^^^^
  File "/home/ouahid/myproject/stage/preseclection/ensa-bm-preselection/venv/lib/python3.12/site-packages/rest_framework/viewsets.py", line 125, in view
    return self.dispatch(request, *args, **kwargs)
           ^^^^^^^^^^^^^^^^^^^^^^^^^^^^^^^^^^^^^^^
  File "/home/ouahid/myproject/stage/preseclection/ensa-bm-preselection/venv/lib/python3.12/site-packages/rest_framework/views.py", line 515, in dispatch
    response = self.handle_exception(exc)
               ^^^^^^^^^^^^^^^^^^^^^^^^^^
  File "/home/ouahid/myproject/stage/preseclection/ensa-bm-preselection/venv/lib/python3.12/site-packages/rest_framework/views.py", line 475, in handle_exception
    self.raise_uncaught_exception(exc)
  File "/home/ouahid/myproject/stage/preseclection/ensa-bm-preselection/venv/lib/python3.12/site-packages/rest_framework/views.py", line 486, in raise_uncaught_exception
    raise exc
  File "/home/ouahid/myproject/stage/preseclection/ensa-bm-preselection/venv/lib/python3.12/site-packages/rest_framework/views.py", line 512, in dispatch
    response = handler(request, *args, **kwargs)
               ^^^^^^^^^^^^^^^^^^^^^^^^^^^^^^^^^
  File "/home/ouahid/myproject/stage/preseclection/ensa-bm-preselection/administration/views_oral.py", line 249, in enregistrer_decision
    envoyer_notification(dossier, 'ORAL_ACCEPTE')
  File "/home/ouahid/myproject/stage/preseclection/ensa-bm-preselection/notifications/services.py", line 36, in envoyer_notification
    contenu = _generer_contenu(dossier, type_notif)
              ^^^^^^^^^^^^^^^^^^^^^^^^^^^^^^^^^^^^^
  File "/home/ouahid/myproject/stage/preseclection/ensa-bm-preselection/notifications/services.py", line 361, in _generer_contenu
    'ADMIS_FINAL':  _generer_corps_admis_final(dossier, filiere),
                    ^^^^^^^^^^^^^^^^^^^^^^^^^^^^^^^^^^^^^^^^^^^^
  File "/home/ouahid/myproject/stage/preseclection/ensa-bm-preselection/notifications/services.py", line 223, in _generer_corps_admis_final
    date_oral = epreuve.date_oral if epreuve and epreuve.date_oral else None
                                                 ^^^^^^^^^^^^^^^^^
AttributeError: 'EpreuveEcrite' object has no attribute 'date_oral'
ERROR 2026-06-10 12:09:34,196 runserver HTTP POST /api/epreuves-oral/07f9e638-de7f-4f32-8b59-460bd0814cf8/enregistrer_decision/ 500 [0.10, 127.0.0.1:42478]
ERROR 2026-06-10 12:12:12,638 log Internal Server Error: /api/epreuves-oral/07f9e638-de7f-4f32-8b59-460bd0814cf8/enregistrer_decision/
Traceback (most recent call last):
  File "/home/ouahid/myproject/stage/preseclection/ensa-bm-preselection/venv/lib/python3.12/site-packages/asgiref/sync.py", line 557, in thread_handler
    raise exc_info[1]
  File "/home/ouahid/myproject/stage/preseclection/ensa-bm-preselection/venv/lib/python3.12/site-packages/django/core/handlers/exception.py", line 42, in inner
    response = await get_response(request)
               ^^^^^^^^^^^^^^^^^^^^^^^^^^^
  File "/home/ouahid/myproject/stage/preseclection/ensa-bm-preselection/venv/lib/python3.12/site-packages/asgiref/sync.py", line 557, in thread_handler
    raise exc_info[1]
  File "/home/ouahid/myproject/stage/preseclection/ensa-bm-preselection/venv/lib/python3.12/site-packages/django/core/handlers/base.py", line 254, in _get_response_async
    response = await wrapped_callback(
               ^^^^^^^^^^^^^^^^^^^^^^^
  File "/home/ouahid/myproject/stage/preseclection/ensa-bm-preselection/venv/lib/python3.12/site-packages/asgiref/sync.py", line 506, in __call__
    ret = await asyncio.shield(exec_coro)
          ^^^^^^^^^^^^^^^^^^^^^^^^^^^^^^^
  File "/usr/lib/python3.12/concurrent/futures/thread.py", line 58, in run
    result = self.fn(*self.args, **self.kwargs)
             ^^^^^^^^^^^^^^^^^^^^^^^^^^^^^^^^^^
  File "/home/ouahid/myproject/stage/preseclection/ensa-bm-preselection/venv/lib/python3.12/site-packages/asgiref/sync.py", line 561, in thread_handler
    return func(*args, **kwargs)
           ^^^^^^^^^^^^^^^^^^^^^
  File "/home/ouahid/myproject/stage/preseclection/ensa-bm-preselection/venv/lib/python3.12/site-packages/django/views/decorators/csrf.py", line 65, in _view_wrapper
    return view_func(request, *args, **kwargs)
           ^^^^^^^^^^^^^^^^^^^^^^^^^^^^^^^^^^^
  File "/home/ouahid/myproject/stage/preseclection/ensa-bm-preselection/venv/lib/python3.12/site-packages/rest_framework/viewsets.py", line 125, in view
    return self.dispatch(request, *args, **kwargs)
           ^^^^^^^^^^^^^^^^^^^^^^^^^^^^^^^^^^^^^^^
  File "/home/ouahid/myproject/stage/preseclection/ensa-bm-preselection/venv/lib/python3.12/site-packages/rest_framework/views.py", line 515, in dispatch
    response = self.handle_exception(exc)
               ^^^^^^^^^^^^^^^^^^^^^^^^^^
  File "/home/ouahid/myproject/stage/preseclection/ensa-bm-preselection/venv/lib/python3.12/site-packages/rest_framework/views.py", line 475, in handle_exception
    self.raise_uncaught_exception(exc)
  File "/home/ouahid/myproject/stage/preseclection/ensa-bm-preselection/venv/lib/python3.12/site-packages/rest_framework/views.py", line 486, in raise_uncaught_exception
    raise exc
  File "/home/ouahid/myproject/stage/preseclection/ensa-bm-preselection/venv/lib/python3.12/site-packages/rest_framework/views.py", line 512, in dispatch
    response = handler(request, *args, **kwargs)
               ^^^^^^^^^^^^^^^^^^^^^^^^^^^^^^^^^
  File "/home/ouahid/myproject/stage/preseclection/ensa-bm-preselection/administration/views_oral.py", line 249, in enregistrer_decision
    envoyer_notification(dossier, 'ORAL_ACCEPTE')
  File "/home/ouahid/myproject/stage/preseclection/ensa-bm-preselection/notifications/services.py", line 36, in envoyer_notification
    contenu = _generer_contenu(dossier, type_notif)
              ^^^^^^^^^^^^^^^^^^^^^^^^^^^^^^^^^^^^^
  File "/home/ouahid/myproject/stage/preseclection/ensa-bm-preselection/notifications/services.py", line 361, in _generer_contenu
    'ADMIS_FINAL':      lambda: _generer_corps_admis_final(dossier, filiere),
                    ^^^^^^^^^^^^^^^^^^^^^^^^^^^^^^^^^^^^^^^^^^^^
  File "/home/ouahid/myproject/stage/preseclection/ensa-bm-preselection/notifications/services.py", line 223, in _generer_corps_admis_final
    date_oral = epreuve.date_oral if epreuve and epreuve.date_oral else None
                                                 ^^^^^^^^^^^^^^^^^
AttributeError: 'EpreuveEcrite' object has no attribute 'date_oral'
ERROR 2026-06-10 12:12:12,646 runserver HTTP POST /api/epreuves-oral/07f9e638-de7f-4f32-8b59-460bd0814cf8/enregistrer_decision/ 500 [0.06, 127.0.0.1:39506]
INFO 2026-06-10 13:42:34,870 extraction Début de l'extraction pour le dossier 034988bc-aff5-4a27-8174-753dd608b449 (candidat: ouahid samrani)
INFO 2026-06-10 13:42:34,884 extraction Document 75161cef-7146-4ddb-baa0-0c7efc17d288 : texte natif insuffisant, basculement vers OCR.
INFO 2026-06-10 13:42:52,998 extraction Document 75161cef-7146-4ddb-baa0-0c7efc17d288 : extraction réussie via ocr (1800 caractères).
INFO 2026-06-10 13:42:53,045 extraction Dossier 034988bc-aff5-4a27-8174-753dd608b449 : 9 notes extraites du texte.
INFO 2026-06-10 13:42:53,073 fuzzy_matching Catégorie [INFO] : 3 matière(s) détectée(s) → moyenne = 12.32 (25 l'emploi programmation et conception, 25 tp technologie web, 25 reseaux informatiques)
INFO 2026-06-10 13:42:53,073 extraction Dossier 034988bc-aff5-4a27-8174-753dd608b449 : 1 catégories identifiées — ['INFO']
WARNING 2026-06-10 13:42:53,075 fuzzy_matching Catégorie [MATH] manquante pour la filière 'IACS' : utilisation de la moyenne générale (13.41) comme fallback. Dossier marqué pour vérification manuelle.
WARNING 2026-06-10 13:42:53,075 fuzzy_matching Catégorie [RESEAUX_BD] manquante pour la filière 'IACS' : utilisation de la moyenne générale (13.41) comme fallback. Dossier marqué pour vérification manuelle.
WARNING 2026-06-10 13:42:53,075 fuzzy_matching Catégorie [LANGUES] manquante pour la filière 'IACS' : utilisation de la moyenne générale (13.41) comme fallback. Dossier marqué pour vérification manuelle.
INFO 2026-06-10 13:42:53,076 fuzzy_matching Score pondéré filière 'IACS' = 12.98 (catégories manquantes : ['MATH', 'RESEAUX_BD', 'LANGUES'], vérification manuelle : True)
WARNING 2026-06-10 13:42:53,076 extraction Dossier 034988bc-aff5-4a27-8174-753dd608b449 : catégories manquantes (['MATH', 'RESEAUX_BD', 'LANGUES']), dossier marqué pour VÉRIFICATION_MANUELLE.
INFO 2026-06-10 13:42:53,076 extraction Extraction terminée pour le dossier 034988bc-aff5-4a27-8174-753dd608b449 — succes=True, notes=9, confiance=1.00, catégories=['INFO']
INFO 2026-06-10 13:42:53,080 verification_document Début vérification authenticité — dossier 034988bc-aff5-4a27-8174-753dd608b449
INFO 2026-06-10 13:43:15,608 verification_document Vérification terminée — dossier 034988bc-aff5-4a27-8174-753dd608b449 — score=0.74 niveau=MOYEN
INFO 2026-06-10 13:43:15,608 regles Début de l'évaluation des règles pour le dossier 034988bc-aff5-4a27-8174-753dd608b449 (filière: IACS).
INFO 2026-06-10 13:43:15,609 regles Filière 'IACS' : aucune règle de rejet active.
INFO 2026-06-10 13:43:15,615 scoring Début du calcul de score pour le dossier 034988bc-aff5-4a27-8174-753dd608b449 (candidat: ouahid samrani, filière: IACS).
INFO 2026-06-10 13:43:15,617 scoring Dossier 034988bc-aff5-4a27-8174-753dd608b449 : score semestriel = 13.4125 (4 semestres).
INFO 2026-06-10 13:43:15,618 scoring Dossier 034988bc-aff5-4a27-8174-753dd608b449 : mention 'B' → bonus = 1.00.
INFO 2026-06-10 13:43:15,619 scoring Dossier 034988bc-aff5-4a27-8174-753dd608b449 : (score_sem=13.4125 + bonus=1.00 - penalite=0.00) * coef=0.80 = 11.53 (final après plafonnement = 11.53).
INFO 2026-06-10 13:43:15,622 scoring Filière 9b4b88fa-169f-4829-89b6-4552967d7b26 : classement recalculé pour 0 dossiers.
INFO 2026-06-10 13:43:15,622 scoring Classement mis à jour : 0 dossiers classés dans la filière 'IACS'.
INFO 2026-06-10 13:43:17,932 services Email envoyé à ouahidsamrani@gmail.com
INFO 2026-06-10 13:43:29,761 services Email envoyé à ouahidsamrani@gmail.com
ERROR 2026-06-10 13:44:56,973 log Internal Server Error: /api/epreuves/f7c95628-ab16-4372-ae53-68512051e4e4/publier_resultats/
Traceback (most recent call last):
  File "/home/ouahid/myproject/stage/preseclection/ensa-bm-preselection/venv/lib/python3.12/site-packages/asgiref/sync.py", line 557, in thread_handler
    raise exc_info[1]
  File "/home/ouahid/myproject/stage/preseclection/ensa-bm-preselection/venv/lib/python3.12/site-packages/django/core/handlers/exception.py", line 42, in inner
    response = await get_response(request)
               ^^^^^^^^^^^^^^^^^^^^^^^^^^^
  File "/home/ouahid/myproject/stage/preseclection/ensa-bm-preselection/venv/lib/python3.12/site-packages/asgiref/sync.py", line 557, in thread_handler
    raise exc_info[1]
  File "/home/ouahid/myproject/stage/preseclection/ensa-bm-preselection/venv/lib/python3.12/site-packages/django/core/handlers/base.py", line 254, in _get_response_async
    response = await wrapped_callback(
               ^^^^^^^^^^^^^^^^^^^^^^^
  File "/home/ouahid/myproject/stage/preseclection/ensa-bm-preselection/venv/lib/python3.12/site-packages/asgiref/sync.py", line 506, in __call__
    ret = await asyncio.shield(exec_coro)
          ^^^^^^^^^^^^^^^^^^^^^^^^^^^^^^^
  File "/usr/lib/python3.12/concurrent/futures/thread.py", line 58, in run
    result = self.fn(*self.args, **self.kwargs)
             ^^^^^^^^^^^^^^^^^^^^^^^^^^^^^^^^^^
  File "/home/ouahid/myproject/stage/preseclection/ensa-bm-preselection/venv/lib/python3.12/site-packages/asgiref/sync.py", line 561, in thread_handler
    return func(*args, **kwargs)
           ^^^^^^^^^^^^^^^^^^^^^
  File "/home/ouahid/myproject/stage/preseclection/ensa-bm-preselection/venv/lib/python3.12/site-packages/django/views/decorators/csrf.py", line 65, in _view_wrapper
    return view_func(request, *args, **kwargs)
           ^^^^^^^^^^^^^^^^^^^^^^^^^^^^^^^^^^^
  File "/home/ouahid/myproject/stage/preseclection/ensa-bm-preselection/venv/lib/python3.12/site-packages/rest_framework/viewsets.py", line 125, in view
    return self.dispatch(request, *args, **kwargs)
           ^^^^^^^^^^^^^^^^^^^^^^^^^^^^^^^^^^^^^^^
  File "/home/ouahid/myproject/stage/preseclection/ensa-bm-preselection/venv/lib/python3.12/site-packages/rest_framework/views.py", line 515, in dispatch
    response = self.handle_exception(exc)
               ^^^^^^^^^^^^^^^^^^^^^^^^^^
  File "/home/ouahid/myproject/stage/preseclection/ensa-bm-preselection/venv/lib/python3.12/site-packages/rest_framework/views.py", line 475, in handle_exception
    self.raise_uncaught_exception(exc)
  File "/home/ouahid/myproject/stage/preseclection/ensa-bm-preselection/venv/lib/python3.12/site-packages/rest_framework/views.py", line 486, in raise_uncaught_exception
    raise exc
  File "/home/ouahid/myproject/stage/preseclection/ensa-bm-preselection/venv/lib/python3.12/site-packages/rest_framework/views.py", line 512, in dispatch
    response = handler(request, *args, **kwargs)
               ^^^^^^^^^^^^^^^^^^^^^^^^^^^^^^^^^
  File "/home/ouahid/myproject/stage/preseclection/ensa-bm-preselection/administration/views_epreuve.py", line 255, in publier_resultats
    envoyer_notification(note.dossier, 'ADMIS_FINAL')
  File "/home/ouahid/myproject/stage/preseclection/ensa-bm-preselection/notifications/services.py", line 36, in envoyer_notification
    contenu = _generer_contenu(dossier, type_notif)
              ^^^^^^^^^^^^^^^^^^^^^^^^^^^^^^^^^^^^^
  File "/home/ouahid/myproject/stage/preseclection/ensa-bm-preselection/notifications/services.py", line 361, in _generer_contenu
    'ADMIS_FINAL':      lambda: _generer_corps_admis_final(dossier, filiere),
                    ^^^^^^^^^^^^^^^^^^^^^^^^^^^^^^^^^^^^^^^^^^^^
  File "/home/ouahid/myproject/stage/preseclection/ensa-bm-preselection/notifications/services.py", line 223, in _generer_corps_admis_final
    date_oral = epreuve.date_oral if epreuve and epreuve.date_oral else None
                                                 ^^^^^^^^^^^^^^^^^
AttributeError: 'EpreuveEcrite' object has no attribute 'date_oral'
ERROR 2026-06-10 13:44:56,980 runserver HTTP POST /api/epreuves/f7c95628-ab16-4372-ae53-68512051e4e4/publier_resultats/ 500 [0.05, 127.0.0.1:58888]
ERROR 2026-06-10 13:45:11,550 log Internal Server Error: /api/epreuves/f7c95628-ab16-4372-ae53-68512051e4e4/publier_resultats/
Traceback (most recent call last):
  File "/home/ouahid/myproject/stage/preseclection/ensa-bm-preselection/venv/lib/python3.12/site-packages/asgiref/sync.py", line 557, in thread_handler
    raise exc_info[1]
  File "/home/ouahid/myproject/stage/preseclection/ensa-bm-preselection/venv/lib/python3.12/site-packages/django/core/handlers/exception.py", line 42, in inner
    response = await get_response(request)
               ^^^^^^^^^^^^^^^^^^^^^^^^^^^
  File "/home/ouahid/myproject/stage/preseclection/ensa-bm-preselection/venv/lib/python3.12/site-packages/asgiref/sync.py", line 557, in thread_handler
    raise exc_info[1]
  File "/home/ouahid/myproject/stage/preseclection/ensa-bm-preselection/venv/lib/python3.12/site-packages/django/core/handlers/base.py", line 254, in _get_response_async
    response = await wrapped_callback(
               ^^^^^^^^^^^^^^^^^^^^^^^
  File "/home/ouahid/myproject/stage/preseclection/ensa-bm-preselection/venv/lib/python3.12/site-packages/asgiref/sync.py", line 506, in __call__
    ret = await asyncio.shield(exec_coro)
          ^^^^^^^^^^^^^^^^^^^^^^^^^^^^^^^
  File "/usr/lib/python3.12/concurrent/futures/thread.py", line 58, in run
    result = self.fn(*self.args, **self.kwargs)
             ^^^^^^^^^^^^^^^^^^^^^^^^^^^^^^^^^^
  File "/home/ouahid/myproject/stage/preseclection/ensa-bm-preselection/venv/lib/python3.12/site-packages/asgiref/sync.py", line 561, in thread_handler
    return func(*args, **kwargs)
           ^^^^^^^^^^^^^^^^^^^^^
  File "/home/ouahid/myproject/stage/preseclection/ensa-bm-preselection/venv/lib/python3.12/site-packages/django/views/decorators/csrf.py", line 65, in _view_wrapper
    return view_func(request, *args, **kwargs)
           ^^^^^^^^^^^^^^^^^^^^^^^^^^^^^^^^^^^
  File "/home/ouahid/myproject/stage/preseclection/ensa-bm-preselection/venv/lib/python3.12/site-packages/rest_framework/viewsets.py", line 125, in view
    return self.dispatch(request, *args, **kwargs)
           ^^^^^^^^^^^^^^^^^^^^^^^^^^^^^^^^^^^^^^^
  File "/home/ouahid/myproject/stage/preseclection/ensa-bm-preselection/venv/lib/python3.12/site-packages/rest_framework/views.py", line 515, in dispatch
    response = self.handle_exception(exc)
               ^^^^^^^^^^^^^^^^^^^^^^^^^^
  File "/home/ouahid/myproject/stage/preseclection/ensa-bm-preselection/venv/lib/python3.12/site-packages/rest_framework/views.py", line 475, in handle_exception
    self.raise_uncaught_exception(exc)
  File "/home/ouahid/myproject/stage/preseclection/ensa-bm-preselection/venv/lib/python3.12/site-packages/rest_framework/views.py", line 486, in raise_uncaught_exception
    raise exc
  File "/home/ouahid/myproject/stage/preseclection/ensa-bm-preselection/venv/lib/python3.12/site-packages/rest_framework/views.py", line 512, in dispatch
    response = handler(request, *args, **kwargs)
               ^^^^^^^^^^^^^^^^^^^^^^^^^^^^^^^^^
  File "/home/ouahid/myproject/stage/preseclection/ensa-bm-preselection/administration/views_epreuve.py", line 255, in publier_resultats
    envoyer_notification(note.dossier, 'ADMIS_FINAL')
  File "/home/ouahid/myproject/stage/preseclection/ensa-bm-preselection/notifications/services.py", line 36, in envoyer_notification
    contenu = _generer_contenu(dossier, type_notif)
              ^^^^^^^^^^^^^^^^^^^^^^^^^^^^^^^^^^^^^
  File "/home/ouahid/myproject/stage/preseclection/ensa-bm-preselection/notifications/services.py", line 361, in _generer_contenu
    'ADMIS_FINAL':      lambda: _generer_corps_admis_final(dossier, filiere),
                    ^^^^^^^^^^^^^^^^^^^^^^^^^^^^^^^^^^^^^^^^^^^^
  File "/home/ouahid/myproject/stage/preseclection/ensa-bm-preselection/notifications/services.py", line 223, in _generer_corps_admis_final
    date_oral = epreuve.date_oral if epreuve and epreuve.date_oral else None
                                                 ^^^^^^^^^^^^^^^^^
AttributeError: 'EpreuveEcrite' object has no attribute 'date_oral'
ERROR 2026-06-10 13:45:11,555 runserver HTTP POST /api/epreuves/f7c95628-ab16-4372-ae53-68512051e4e4/publier_resultats/ 500 [0.04, 127.0.0.1:56222]
ERROR 2026-06-10 13:45:33,205 log Internal Server Error: /api/epreuves/f7c95628-ab16-4372-ae53-68512051e4e4/publier_resultats/
Traceback (most recent call last):
  File "/home/ouahid/myproject/stage/preseclection/ensa-bm-preselection/venv/lib/python3.12/site-packages/asgiref/sync.py", line 557, in thread_handler
    raise exc_info[1]
  File "/home/ouahid/myproject/stage/preseclection/ensa-bm-preselection/venv/lib/python3.12/site-packages/django/core/handlers/exception.py", line 42, in inner
    response = await get_response(request)
               ^^^^^^^^^^^^^^^^^^^^^^^^^^^
  File "/home/ouahid/myproject/stage/preseclection/ensa-bm-preselection/venv/lib/python3.12/site-packages/asgiref/sync.py", line 557, in thread_handler
    raise exc_info[1]
  File "/home/ouahid/myproject/stage/preseclection/ensa-bm-preselection/venv/lib/python3.12/site-packages/django/core/handlers/base.py", line 254, in _get_response_async
    response = await wrapped_callback(
               ^^^^^^^^^^^^^^^^^^^^^^^
  File "/home/ouahid/myproject/stage/preseclection/ensa-bm-preselection/venv/lib/python3.12/site-packages/asgiref/sync.py", line 506, in __call__
    ret = await asyncio.shield(exec_coro)
          ^^^^^^^^^^^^^^^^^^^^^^^^^^^^^^^
  File "/usr/lib/python3.12/concurrent/futures/thread.py", line 58, in run
    result = self.fn(*self.args, **self.kwargs)
             ^^^^^^^^^^^^^^^^^^^^^^^^^^^^^^^^^^
  File "/home/ouahid/myproject/stage/preseclection/ensa-bm-preselection/venv/lib/python3.12/site-packages/asgiref/sync.py", line 561, in thread_handler
    return func(*args, **kwargs)
           ^^^^^^^^^^^^^^^^^^^^^
  File "/home/ouahid/myproject/stage/preseclection/ensa-bm-preselection/venv/lib/python3.12/site-packages/django/views/decorators/csrf.py", line 65, in _view_wrapper
    return view_func(request, *args, **kwargs)
           ^^^^^^^^^^^^^^^^^^^^^^^^^^^^^^^^^^^
  File "/home/ouahid/myproject/stage/preseclection/ensa-bm-preselection/venv/lib/python3.12/site-packages/rest_framework/viewsets.py", line 125, in view
    return self.dispatch(request, *args, **kwargs)
           ^^^^^^^^^^^^^^^^^^^^^^^^^^^^^^^^^^^^^^^
  File "/home/ouahid/myproject/stage/preseclection/ensa-bm-preselection/venv/lib/python3.12/site-packages/rest_framework/views.py", line 515, in dispatch
    response = self.handle_exception(exc)
               ^^^^^^^^^^^^^^^^^^^^^^^^^^
  File "/home/ouahid/myproject/stage/preseclection/ensa-bm-preselection/venv/lib/python3.12/site-packages/rest_framework/views.py", line 475, in handle_exception
    self.raise_uncaught_exception(exc)
  File "/home/ouahid/myproject/stage/preseclection/ensa-bm-preselection/venv/lib/python3.12/site-packages/rest_framework/views.py", line 486, in raise_uncaught_exception
    raise exc
  File "/home/ouahid/myproject/stage/preseclection/ensa-bm-preselection/venv/lib/python3.12/site-packages/rest_framework/views.py", line 512, in dispatch
    response = handler(request, *args, **kwargs)
               ^^^^^^^^^^^^^^^^^^^^^^^^^^^^^^^^^
  File "/home/ouahid/myproject/stage/preseclection/ensa-bm-preselection/administration/views_epreuve.py", line 255, in publier_resultats
    envoyer_notification(note.dossier, 'ADMIS_FINAL')
  File "/home/ouahid/myproject/stage/preseclection/ensa-bm-preselection/notifications/services.py", line 36, in envoyer_notification
    contenu = _generer_contenu(dossier, type_notif)
              ^^^^^^^^^^^^^^^^^^^^^^^^^^^^^^^^^^^^^
  File "/home/ouahid/myproject/stage/preseclection/ensa-bm-preselection/notifications/services.py", line 361, in _generer_contenu
    'ADMIS_FINAL':      lambda: _generer_corps_admis_final(dossier, filiere),
                    ^^^^^^^^^^^^^^^^^^^^^^^^^^^^^^^^^^^^^^^^^^^^
  File "/home/ouahid/myproject/stage/preseclection/ensa-bm-preselection/notifications/services.py", line 223, in _generer_corps_admis_final
    date_oral = epreuve.date_oral if epreuve and epreuve.date_oral else None
                                                 ^^^^^^^^^^^^^^^^^
AttributeError: 'EpreuveEcrite' object has no attribute 'date_oral'
ERROR 2026-06-10 13:45:33,213 runserver HTTP POST /api/epreuves/f7c95628-ab16-4372-ae53-68512051e4e4/publier_resultats/ 500 [0.06, 127.0.0.1:42932]
INFO 2026-06-11 11:37:54,445 services Email envoyé à scan@test.com
INFO 2026-06-11 11:43:39,273 services Email envoyé à tricheur@test.com
